{"/home/roland/Documents/projects/myProject/src/app.ts": {"path":"/home/roland/Documents/projects/myProject/src/app.ts","statementMap":{"0":{"start":{"line":1,"column":0},"end":{"line":1,"column":24}},"1":{"start":{"line":2,"column":0},"end":{"line":2,"column":30}},"2":{"start":{"line":3,"column":0},"end":{"line":3,"column":28}},"3":{"start":{"line":5,"column":0},"end":{"line":5,"column":60}},"4":{"start":{"line":6,"column":0},"end":{"line":6,"column":40}},"5":{"start":{"line":17,"column":2},"end":{"line":17,"column":23}},"6":{"start":{"line":18,"column":2},"end":{"line":18,"column":42}},"7":{"start":{"line":19,"column":2},"end":{"line":19,"column":69}},"8":{"start":{"line":21,"column":2},"end":{"line":21,"column":31}},"9":{"start":{"line":22,"column":2},"end":{"line":22,"column":32}},"10":{"start":{"line":23,"column":2},"end":{"line":23,"column":33}},"11":{"start":{"line":27,"column":2},"end":{"line":29,"column":5}},"12":{"start":{"line":28,"column":3},"end":{"line":28,"column":60}},"13":{"start":{"line":33,"column":2},"end":{"line":33,"column":18}},"14":{"start":{"line":37,"column":2},"end":{"line":43,"column":null}},"15":{"start":{"line":39,"column":3},"end":{"line":39,"column":26}},"16":{"start":{"line":40,"column":3},"end":{"line":40,"column":81}},"17":{"start":{"line":42,"column":3},"end":{"line":42,"column":59}},"18":{"start":{"line":45,"column":2},"end":{"line":45,"column":31}},"19":{"start":{"line":46,"column":2},"end":{"line":46,"column":55}},"20":{"start":{"line":51,"column":2},"end":{"line":53,"column":5}},"21":{"start":{"line":52,"column":3},"end":{"line":52,"column":35}},"22":{"start":{"line":57,"column":2},"end":{"line":57,"column":32}},"23":{"start":{"line":61,"column":0},"end":{"line":61,"column":19}}},"fnMap":{"0":{"name":"(anonymous_1)","decl":{"start":{"line":16,"column":1},"end":{"line":16,"column":13}},"loc":{"start":{"line":16,"column":28},"end":{"line":24,"column":2}}},"1":{"name":"(anonymous_2)","decl":{"start":{"line":26,"column":8},"end":{"line":26,"column":14}},"loc":{"start":{"line":26,"column":14},"end":{"line":30,"column":2}}},"2":{"name":"(anonymous_3)","decl":{"start":{"line":27,"column":29},"end":{"line":27,"column":32}},"loc":{"start":{"line":27,"column":34},"end":{"line":29,"column":3}}},"3":{"name":"(anonymous_4)","decl":{"start":{"line":32,"column":8},"end":{"line":32,"column":17}},"loc":{"start":{"line":32,"column":17},"end":{"line":34,"column":2}}},"4":{"name":"(anonymous_5)","decl":{"start":{"line":36,"column":9},"end":{"line":36,"column":30}},"loc":{"start":{"line":36,"column":30},"end":{"line":47,"column":2}}},"5":{"name":"(anonymous_6)","decl":{"start":{"line":50,"column":9},"end":{"line":50,"column":25}},"loc":{"start":{"line":50,"column":41},"end":{"line":54,"column":2}}},"6":{"name":"(anonymous_7)","decl":{"start":{"line":51,"column":17},"end":{"line":51,"column":18}},"loc":{"start":{"line":51,"column":27},"end":{"line":53,"column":3}}},"7":{"name":"(anonymous_8)","decl":{"start":{"line":56,"column":9},"end":{"line":56,"column":32}},"loc":{"start":{"line":56,"column":32},"end":{"line":58,"column":2}}}},"branchMap":{"0":{"loc":{"start":{"line":18,"column":14},"end":{"line":18,"column":33}},"type":"binary-expr","locations":[{"start":{"line":18,"column":14},"end":{"line":18,"column":33}},{"start":{"line":18,"column":37},"end":{"line":18,"column":41}}]},"1":{"loc":{"start":{"line":19,"column":56},"end":{"line":19,"column":60}},"type":"cond-expr","locations":[{"start":{"line":19,"column":56},"end":{"line":19,"column":60}},{"start":{"line":19,"column":63},"end":{"line":19,"column":68}}]},"2":{"loc":{"start":{"line":37,"column":2},"end":{"line":43,"column":null}},"type":"if","locations":[{"start":{"line":37,"column":2},"end":{"line":43,"column":null}},{"start":{"line":37,"column":2},"end":{"line":43,"column":null}}]}},"s":{"0":2,"1":2,"2":2,"3":2,"4":2,"5":2,"6":2,"7":2,"8":2,"9":2,"10":2,"11":0,"12":0,"13":2,"14":2,"15":0,"16":0,"17":2,"18":2,"19":2,"20":2,"21":2,"22":2,"23":2},"f":{"0":2,"1":0,"2":0,"3":2,"4":2,"5":2,"6":2,"7":2},"b":{"0":[2,2],"1":[0,2],"2":[0,2]}}
,"/home/roland/Documents/projects/myProject/src/controllers/index.controller.ts": {"path":"/home/roland/Documents/projects/myProject/src/controllers/index.controller.ts","statementMap":{"0":{"start":{"line":7,"column":8},"end":{"line":13,"column":3}},"1":{"start":{"line":8,"column":2},"end":{"line":12,"column":null}},"2":{"start":{"line":9,"column":3},"end":{"line":9,"column":23}},"3":{"start":{"line":11,"column":3},"end":{"line":11,"column":15}},"4":{"start":{"line":14,"column":8},"end":{"line":24,"column":3}},"5":{"start":{"line":15,"column":2},"end":{"line":23,"column":null}},"6":{"start":{"line":16,"column":3},"end":{"line":20,"column":null}},"7":{"start":{"line":17,"column":4},"end":{"line":17,"column":49}},"8":{"start":{"line":19,"column":4},"end":{"line":19,"column":24}},"9":{"start":{"line":22,"column":3},"end":{"line":22,"column":15}},"10":{"start":{"line":27,"column":0},"end":{"line":27,"column":31}}},"fnMap":{"0":{"name":"(anonymous_0)","decl":{"start":{"line":6,"column":0},"end":{"line":6,"column":6}},"loc":{"start":{"line":6,"column":0},"end":{"line":25,"column":1}}},"1":{"name":"(anonymous_1)","decl":{"start":{"line":7,"column":16},"end":{"line":7,"column":17}},"loc":{"start":{"line":7,"column":74},"end":{"line":13,"column":2}}},"2":{"name":"(anonymous_2)","decl":{"start":{"line":14,"column":23},"end":{"line":14,"column":24}},"loc":{"start":{"line":14,"column":81},"end":{"line":24,"column":2}}}},"branchMap":{"0":{"loc":{"start":{"line":16,"column":3},"end":{"line":20,"column":null}},"type":"if","locations":[{"start":{"line":16,"column":3},"end":{"line":20,"column":null}},{"start":{"line":16,"column":3},"end":{"line":20,"column":null}}]}},"s":{"0":3,"1":1,"2":1,"3":0,"4":3,"5":0,"6":0,"7":0,"8":0,"9":0,"10":2},"f":{"0":3,"1":1,"2":0},"b":{"0":[0,0]}}
,"/home/roland/Documents/projects/myProject/src/middleware/error.middleware.ts": {"path":"/home/roland/Documents/projects/myProject/src/middleware/error.middleware.ts","statementMap":{"0":{"start":{"line":8,"column":24},"end":{"line":8,"column":43}},"1":{"start":{"line":9,"column":25},"end":{"line":9,"column":64}},"2":{"start":{"line":11,"column":1},"end":{"line":11,"column":42}},"3":{"start":{"line":13,"column":1},"end":{"line":13,"column":38}},"4":{"start":{"line":16,"column":0},"end":{"line":16,"column":31}}},"fnMap":{"0":{"name":"errorMiddleware","decl":{"start":{"line":7,"column":9},"end":{"line":7,"column":24}},"loc":{"start":{"line":7,"column":74},"end":{"line":14,"column":1}}}},"branchMap":{"0":{"loc":{"start":{"line":8,"column":24},"end":{"line":8,"column":36}},"type":"binary-expr","locations":[{"start":{"line":8,"column":24},"end":{"line":8,"column":36}},{"start":{"line":8,"column":40},"end":{"line":8,"column":43}}]},"1":{"loc":{"start":{"line":9,"column":25},"end":{"line":9,"column":38}},"type":"binary-expr","locations":[{"start":{"line":9,"column":25},"end":{"line":9,"column":38}},{"start":{"line":9,"column":42},"end":{"line":9,"column":64}}]}},"s":{"0":0,"1":0,"2":0,"3":0,"4":2},"f":{"0":0},"b":{"0":[0,0],"1":[0,0]}}
,"/home/roland/Documents/projects/myProject/src/routes/index.route.ts": {"path":"/home/roland/Documents/projects/myProject/src/routes/index.route.ts","statementMap":{"0":{"start":{"line":6,"column":0},"end":{"line":6,"column":33}},"1":{"start":{"line":7,"column":0},"end":{"line":7,"column":62}},"2":{"start":{"line":11,"column":8},"end":{"line":11,"column":19}},"3":{"start":{"line":12,"column":8},"end":{"line":12,"column":26}},"4":{"start":{"line":13,"column":8},"end":{"line":13,"column":48}},"5":{"start":{"line":16,"column":2},"end":{"line":16,"column":26}},"6":{"start":{"line":20,"column":2},"end":{"line":20,"column":62}},"7":{"start":{"line":24,"column":0},"end":{"line":24,"column":26}}},"fnMap":{"0":{"name":"(anonymous_1)","decl":{"start":{"line":15,"column":1},"end":{"line":15,"column":null}},"loc":{"start":{"line":15,"column":1},"end":{"line":17,"column":2}}},"1":{"name":"(anonymous_2)","decl":{"start":{"line":19,"column":9},"end":{"line":19,"column":25}},"loc":{"start":{"line":19,"column":25},"end":{"line":21,"column":2}}}},"branchMap":{},"s":{"0":2,"1":2,"2":3,"3":3,"4":3,"5":3,"6":3,"7":2},"f":{"0":3,"1":3},"b":{}}
,"/home/roland/Documents/projects/myProject/src/utils/logger.ts": {"path":"/home/roland/Documents/projects/myProject/src/utils/logger.ts","statementMap":{"0":{"start":{"line":7,"column":0},"end":{"line":7,"column":20}},"1":{"start":{"line":8,"column":0},"end":{"line":8,"column":45}},"2":{"start":{"line":9,"column":0},"end":{"line":9,"column":56}},"3":{"start":{"line":11,"column":15},"end":{"line":11,"column":37}},"4":{"start":{"line":13,"column":0},"end":{"line":15,"column":null}},"5":{"start":{"line":14,"column":1},"end":{"line":14,"column":22}},"6":{"start":{"line":19,"column":18},"end":{"line":20,"column":null}},"7":{"start":{"line":20,"column":36},"end":{"line":20,"column":71}},"8":{"start":{"line":23,"column":27},"end":{"line":25,"column":null}},"9":{"start":{"line":25,"column":58},"end":{"line":25,"column":93}},"10":{"start":{"line":31,"column":32},"end":{"line":31,"column":34}},"11":{"start":{"line":34,"column":0},"end":{"line":44,"column":2}},"12":{"start":{"line":47,"column":0},"end":{"line":47,"column":50}},"13":{"start":{"line":56,"column":15},"end":{"line":61,"column":2}},"14":{"start":{"line":95,"column":24},"end":{"line":95,"column":30}},"15":{"start":{"line":74,"column":22},"end":{"line":77,"column":2}},"16":{"start":{"line":95,"column":9},"end":{"line":95,"column":22}},"17":{"start":{"line":79,"column":0},"end":{"line":83,"column":2}},"18":{"start":{"line":89,"column":15},"end":{"line":93,"column":2}},"19":{"start":{"line":91,"column":2},"end":{"line":91,"column":63}},"20":{"start":{"line":95,"column":32},"end":{"line":95,"column":38}}},"fnMap":{"0":{"name":"(anonymous_1)","decl":{"start":{"line":20,"column":1},"end":{"line":20,"column":2}},"loc":{"start":{"line":20,"column":36},"end":{"line":20,"column":71}}},"1":{"name":"(anonymous_2)","decl":{"start":{"line":25,"column":23},"end":{"line":25,"column":24}},"loc":{"start":{"line":25,"column":58},"end":{"line":25,"column":93}}},"2":{"name":"(anonymous_3)","decl":{"start":{"line":90,"column":8},"end":{"line":90,"column":9}},"loc":{"start":{"line":90,"column":34},"end":{"line":92,"column":2}}}},"branchMap":{"0":{"loc":{"start":{"line":13,"column":0},"end":{"line":15,"column":null}},"type":"if","locations":[{"start":{"line":13,"column":0},"end":{"line":15,"column":null}},{"start":{"line":13,"column":0},"end":{"line":15,"column":null}}]}},"s":{"0":2,"1":2,"2":2,"3":2,"4":2,"5":0,"6":2,"7":0,"8":2,"9":0,"10":2,"11":2,"12":2,"13":2,"14":2,"15":2,"16":2,"17":2,"18":2,"19":0,"20":2},"f":{"0":0,"1":0,"2":0},"b":{"0":[0,2]}}
}
