TN:
SF:src/app.ts
FN:16,(anonymous_1)
FN:26,(anonymous_2)
FN:27,(anonymous_3)
FN:32,(anonymous_4)
FN:36,(anonymous_5)
FN:50,(anonymous_6)
FN:51,(anonymous_7)
FN:56,(anonymous_8)
FNF:8
FNH:6
FNDA:2,(anonymous_1)
FNDA:0,(anonymous_2)
FNDA:0,(anonymous_3)
FNDA:2,(anonymous_4)
FNDA:2,(anonymous_5)
FNDA:2,(anonymous_6)
FNDA:2,(anonymous_7)
FNDA:2,(anonymous_8)
DA:1,2
DA:2,2
DA:3,2
DA:5,2
DA:6,2
DA:17,2
DA:18,2
DA:19,2
DA:21,2
DA:22,2
DA:23,2
DA:27,0
DA:28,0
DA:33,2
DA:37,2
DA:39,0
DA:40,0
DA:42,2
DA:45,2
DA:46,2
DA:51,2
DA:52,2
DA:57,2
DA:61,2
LF:24
LH:20
BRDA:18,0,0,2
BRDA:18,0,1,2
BRDA:19,1,0,0
BRDA:19,1,1,2
BRDA:37,2,0,0
BRDA:37,2,1,2
BRF:6
BRH:4
end_of_record
TN:
SF:src/controllers/index.controller.ts
FN:6,(anonymous_0)
FN:7,(anonymous_1)
FN:14,(anonymous_2)
FNF:3
FNH:2
FNDA:3,(anonymous_0)
FNDA:1,(anonymous_1)
FNDA:0,(anonymous_2)
DA:7,3
DA:8,1
DA:9,1
DA:11,0
DA:14,3
DA:15,0
DA:16,0
DA:17,0
DA:19,0
DA:22,0
DA:27,2
LF:11
LH:5
BRDA:16,0,0,0
BRDA:16,0,1,0
BRF:2
BRH:0
end_of_record
TN:
SF:src/middleware/error.middleware.ts
FN:7,errorMiddleware
FNF:1
FNH:0
FNDA:0,errorMiddleware
DA:8,0
DA:9,0
DA:11,0
DA:13,0
DA:16,2
LF:5
LH:1
BRDA:8,0,0,0
BRDA:8,0,1,0
BRDA:9,1,0,0
BRDA:9,1,1,0
BRF:4
BRH:0
end_of_record
TN:
SF:src/routes/index.route.ts
FN:15,(anonymous_1)
FN:19,(anonymous_2)
FNF:2
FNH:2
FNDA:3,(anonymous_1)
FNDA:3,(anonymous_2)
DA:6,2
DA:7,2
DA:11,3
DA:12,3
DA:13,3
DA:16,3
DA:20,3
DA:24,2
LF:8
LH:8
BRF:0
BRH:0
end_of_record
TN:
SF:src/utils/logger.ts
FN:20,(anonymous_1)
FN:25,(anonymous_2)
FN:90,(anonymous_3)
FNF:3
FNH:0
FNDA:0,(anonymous_1)
FNDA:0,(anonymous_2)
FNDA:0,(anonymous_3)
DA:7,2
DA:8,2
DA:9,2
DA:11,2
DA:13,2
DA:14,0
DA:19,2
DA:20,0
DA:23,2
DA:25,0
DA:31,2
DA:34,2
DA:47,2
DA:56,2
DA:74,2
DA:79,2
DA:89,2
DA:91,0
DA:95,2
LF:19
LH:15
BRDA:13,0,0,0
BRDA:13,0,1,2
BRF:2
BRH:1
end_of_record
